1,18c1,7
< f r i e n d s
< t h o u g h t
< t h a t
< h e y
< e n d
< w h e n
< k n o w
< t h i s
< m e
< c a n ' t
< i t
< h o w ' s
< c a n
< w i t h
< c a n ' t
< i t
< t h i s
< c r a z y
---
> y o u
> c o u l d
> t r u e
> t h e n
> s h e
> a i n ' t
> l o v e
20,28c9
< t h e y
< g o t
< i t
< a b o u t
< i t
< s o
< d o i n g
< c a n ' t
< s m o k i n g
---
> b a b e
30,31c11,19
< m a k e
< g o n n a
---
> g i r l
> a l l
> w h e n
> n i g h t
> c o m e
> s o
> y e s
> t h e
> u p
33c21,34
< w h y
---
> w h i l e
> a r e n ' t
> b e c a u s e
> d i d n ' t
> t h e
> d o n ' t
> b a d
> i t ' s
> g o o d
> s e e
> t r u e
> d o
> h a p p y
> c h r i s t m a s
35,38d35
< a s k i n g
< h i m
< y o u ' r e
< w i t h
40,43c37,39
< n u m b e r
< i s n ' t
< o u r
< d a y s
---
> i ' m
> i ' l l
> i ' m
45,48c41
< w h y
< w h a t ' s
< m o n e y
< t h e y
---
> a b o u t
49a43
> l i s t e n i n g
51,62c45,55
< t h e y
< s h o w
< h o w
< h a v e
< w a t c h i n g
< w y d
< m e
< f o r
< b e c a u s e
< n o p e
< b a b y
< n o w
---
> k i d s
> j u s t
> d a u g h t e r
> t h o u g h t
> i s
> f o r e v e r
> p a r e n t s
> d o n ' t
> y o u
> y o u
> a r o u n d
64,65c57,60
< g e t
< e v e n
---
> w a t c h i n g
> w a k e
> u p
> w h a t
67,74c62,64
< w a s
< y u p
< l i t t l e
< i ' m
< m o r n i n g
< n o
< y o u
< t o
---
> l o o k
> o f
> o n
76,84c66
< s u p
< s t i l l
< l o v e
< y o u
< f o r
< d i d n ' t
< t o
< w h a t ' s
< h e ' s
---
> u p
86,93c68,70
< y o u
< a n s w e r
< c a n ' t
< d o n ' t
< r e a l l y
< h i m
< w h e r e
< a b o u t
---
> s o r r y
> i ' m
> o k a y
95,98c72,84
< t o
< o u t
< g o i n g
< c h r i s t m a s
---
> y e t
> l e t ' s
> w e l l
> j u s t
> w h a t e v e r
> t h e
> h e a r t
> h e ' s
> t h e
> h o s p i t a l
> h e y
> w a s
> w a t c h i n g
100,112c86,91
< w i l l
< c a n ' t
< w a i t
< y o u
< c h r i s t m a s
< p r e s e n t
< l o v e
< g o i n g
< b o y s
< l i k e
< t a l k
< s o m e o n e
< t h a n k s
---
> m e a n
> s e n d
> t h a t
> m e
> i ' m
> s h e ' s
114,118c93,95
< t e l l
< m a y b e
< s h o u l d
< e v e r y t h i n g
< s o r r y
---
> h a p p y
> g e t
> w i t h
120,121c97,103
< t e x t
< s o m e t h i n g
---
> c a u s e
> n i c e
> e l s e
> n o
> o u t
> w i t h
> a n d
123,126c105,121
< t o o
< j u s t
< w h a t e v e r
< y o u r
---
> c a n
> b a b y
> a n d
> m a d
> f r i e n d s
> t e x t
> a n d
> t h e y
> c o m e
> l i k e
> c a n ' t
> i s
> i ' m
> s t i l l
> w a y
> w h e n
> y o u ' r e
128,129c123,124
< s h o w
< w i t h
---
> w h a t
> w a s n ' t
131,140c126,129
< m e
< g o o d
< m o r n i n g
< t h a n k s
< y o u
< j u s t
< o u r
< b a c k
< o n
< w a s
---
> f i n e
> n o t
> h o u s e
> i s
142,145c131,134
< n i g h t
< k i n d a
< w h a t
< n o
---
> h i s
> c a r
> m o r n i n g
> i t
147,152d135
< t o
< d o n ' t
< t h a t ' s
< i ' l l
< y o u r
< y o u ' l l
154,155c137,140
< b a b y
< i ' l l
---
> t h a t
> p e o p l e
> t a k e
> t h a t
157,158d141
< g i r l f r i e n d
< s t o p
160,172c143,150
< t h o u g h t
< t h e m
< t h o u g h t
< g i v e
< a l w a y s
< y o u
< u g l y
< d o n ' t
< w h y
< w h o ' s
< o k a y
< u p
< h o u s e
---
> p u t t i n g
> h i m
> i n
> a s k i n g
> j u s t
> t h e
> c a n
> a t
174,179d151
< c o n f u s e d
< i ' m
< s u p p o s e d
< s h e
< w a s
< i ' m
181,195d152
< a n d
< s h e ' s
< i ' m
< b a c k
< t o
< a n d
< i t ' s
< u p
< m y s e l f
< c o u l d n ' t
< d i d n ' t
< a t
< t a k e
< i ' d
< d i d n ' t
197,199c154,163
< i n
< t h e r e
< f r o m
---
> j u s t
> n e v e r
> t h i s
> b u t
> t h a t
> n a m e
> t h e
> t h e
> w e l l
> i s
201,213c165,174
< m y s e l f
< a n d
< d i d n ' t
< t h e n
< t o
< g o i n g
< w e r e n ' t
< s c a r e d
< t r y
< h e y
< g o
< i ' m
< s o r r y
---
> o f
> a l w a y s
> b o r e d
> c h i c k e n
> c o u l d n ' t
> a i n ' t
> w i l l
> y o u
> s o
> s h o w
215,217c176,178
< p h o n e
< p h o n e
< w a s n ' t
---
> h e a d
> i ' m
> t h e r e
219,220c180,185
< o k
< o k
---
> a l r e a d y
> i t
> s h e
> m a k i n g
> b e c a u s e
> y ' a l l
222,230c187,190
< m o n e y
< t o
< a l r i g h t
< w h y
< t h a t
< y o u
< h i m
< d e l e t e
< p r e t t y
---
> p i c t u r e
> a n d
> i t ' s
> n o t
232d191
< g o i n g
234,236c193,197
< b a b y
< f o r g o t
< t h e y
---
> i t
> t h a t ' s
> t h a t ' s
> a w e s o m e
> w y d
238,242c199
< y o u ' r e
< t r i p p i n g
< i ' m
< j u s t
< g o t t a
---
> g o i n g
244,247c201,208
< t e x t
< h o m e
< m e
< i ' m
---
> b a c k
> g a m e
> w a t c h i n g
> t o
> b e e n
> f o r
> f a c e b o o k
> t h e
249,258d209
< y o u
< i ' l l
< l e t
< s h o p p i n g
< g o
< e n d
< y o u
< t h a t
< m e
< m e
260,261c211,216
< w o r k
< h a v e
---
> c o m i n g
> w h a t ' s
> m u c h
> d i d n ' t
> r e a l l y
> w a n n a
263,275c218,222
< t o
< t o o
< h a p p e n s
< f r o m
< p h o n e
< i ' l l
< d o e s
< g o t
< y o u
< t h e n
< w h a t
< s h o u l d
< f r o m
---
> h a p p e n
> l i k e
> s h e
> i t
> b a b e
277,297c224
< a n d
< t o g e t h e r
< t h a t
< c o o l
< w a n t
< p a s s w o r d
< b a c k
< c o o l
< i ' m
< t h e r e
< c a n
< l o o k
< p h o n e
< y o u r
< i ' m
< t o
< b i r t h d a y
< t h a t
< c o o l
< t h e r e ' s
< q u e s t i o n
---
> y e t
298a226,235
> o n
> s t o r e
> a l w a y s
> g o n e
> i n
> m y
> t a l k i n g
> f a m i l y
> u g l y
> s h e
300,301c237,240
< d o n ' t
< i ' v e
---
> s i s t e r
> w a s
> w h a t ' s
> b a d
303,304c242,245
< s a y i n g
< h e y
---
> a n d
> s a y
> s h o u l d
> d i f f e r e n t
306d246
< i ' l l
308,313c248,251
< k n o w
< t h i n k
< t o
< m y
< h a v e
< h o u s e
---
> y e s
> g i r l
> g o i n g
> s h e
315,318c253
< u p
< e i t h e r
< d o i n g
< n o w
---
> n o t h i n g
320c255,263
< a n d
---
> m a ' a m
> h e y
> m y
> n u m b e r
> n o w
> c a n ' t
> s a y i n g
> y o u
> d i d n ' t
322c265,282
< m u s i c
---
> i ' m
> t a k i n g
> i ' m
> l e t
> y o u r
> t a k e
> y o u
> w e
> a n d
> o k a y
> y o u
> o k a y
> b a c k
> w a s
> t h a t
> t h e
> s a i d
> a n d
324,328d283
< i n
< d o n ' t
< p e o p l e
< b e c a u s e
< s o
330,336c285,289
< w a n t
< h e r e
< g i r l
< w h o
< c o m e
< i ' m
< n o t
---
> t h e
> s a i d
> o u t
> w e
> t r y i n g
337a291
> w e
339,353d292
< l a s t
< m i n u t e
< t h a t
< h e y
< g e t
< o f f
< a n d
< d o
< f i n e
< a n d
< n o t
< w i t h
< t o o
< b a b y
< y o u r
355,357c294,297
< g o t
< m e
< u p
---
> j u s t
> t o g e t h e r
> a l l
> y o u
359,393d298
< w a n n a
< l o v e
< h a v e
< d i f f e r e n t
< t y p e
< w a i t i n g
< f o r
< d a u g h t e r
< a n d
< h i m
< d o n ' t
< s e n d
< f o r g o t
< p l e a s e
< w a s
< d o n ' t
< s a y
< n o t
< g e t t i n g
< k n o w
< b r o t h e r
< n o w
< u p
< w e r e
< h a t e
< t h e
< n a m e
< g r e a t
< w a n t
< c h r i s t m a s
< r i g h t
< w o r k i n g
< t o d a y
< w h a t
< w e
395,404c300,302
< t o o
< s h o u l d
< a n d
< i ' m
< t h e
< l i k e
< y e a h
< w a s
< j u s t
< d r i v i n g
---
> u n d e r s t a n d
> t h a t
> p r o m i s e
406,408c304,307
< s o
< h o m e
< y o u r
---
> c a n
> d o w n
> i ' l l
> b e d
410,412c309,321
< a w e
< b a b y
< p i c
---
> m y
> w e l l
> l e t
> i ' m
> i ' m
> s o r r y
> o n e
> a s k
> s h e
> t h e m
> g i r l
> w o r k i n g
> t h e r e
414,417d322
< k n o w
< t h a t ' s
< i n
< t h e
419,423c324,325
< g e t t i n g
< n o t
< m i s s
< h a i r
< l e t ' s
---
> n o w
> d o n ' t
425,428c327,333
< s h e ' l l
< s i s t e r
< g o t
< s o
---
> o v e r
> y o u r
> w e ' r e
> g o i n g
> f r i e n d s
> y o u
> t o
430,432c335
< i t
< m e
< d o
---
> t h i s
434,437c337,347
< l i k e
< d o
< t h a t
< t h a t
---
> r e m e m b e r
> g r o u p
> y o u
> h a v e
> e n o u g h
> m y
> t o
> s o
> t o d a y
> f o r
> h a v e n ' t
439,440c349,356
< j u s t
< d e f i n i t e l y
---
> o f
> t h e
> w a y
> t h e
> l a t e r
> o u t
> t h e
> t h e
442c358,360
< u p
---
> a n d
> s e r i o u s l y
> s a i d
444,464c362,363
< g o t
< d o n ' t
< l i k e
< c a n ' t
< a t
< i ' m
< t o
< a w e
< d i d n ' t
< y o u ' v e
< t o l d
< l o t
< w a s
< d o n ' t
< w a n t
< t o
< e v e r y t h i n g
< s o m e t h i n g
< h a p p e n e d
< i ' l l
< d r i v i n g
---
> r i g h t
> w e e k e n d
466,492c365,369
< a i n ' t
< n o t h i n g
< a n d
< i n
< t h e
< i ' m
< b i r t h d a y
< s t i l l
< t h e m
< t h e n
< i ' m
< t h i n k i n g
< b e c a u s e
< s u r e
< d o
< o k a y
< w h a t ' s
< c h r i s t m a s
< a g a i n
< y o u
< b e a u t i f u l
< a m a z i n g
< p e r s o n
< t i m e
< y e a h
< o k a y
< t e x t
---
> t h a t ' s
> w h y
> a s k i n g
> f o r
> n o t
494,495c371,374
< t h i n k
< i t ' s
---
> y o u
> y o u r
> a l r e a d y
> o n l y
497c376,390
< w a n n a
---
> d i d n ' t
> u n d e r s t a n d
> i ' m
> s o r r y
> a b o u t
> n i g h t
> m y
> n o
> p r o b l e m
> a l r i g h t
> c a n ' t
> s t o p
> y e s
> s h e
> w i l l
500,506c393,395
< b e i n g
< w h a t
< c o m i n g
< w h a t
< y o u
< d o i n g
< n e w
---
> i ' m
> g o
> n e x t
508,509c397,401
< d i d n ' t
< y o u
---
> t i m e
> w i t h
> i ' m
> l y i n g
> t i m e
511,512c403,409
< t h a t
< d i d n ' t
---
> t o o
> w o r k i n g
> a l r e a d y
> v e r y
> y o u
> h a v e
> y o u
514,516c411,438
< w o r k
< c o m e
< b o u t
---
> i n
> b e a u t i f u l
> y o u
> t o m o r r o w
> o f
> b u t
> s t i l l
> h a v e
> c o m i n g
> d o w n
> a f t e r
> n e e d
> b e c a u s e
> h a p p y
> m y
> i s
> s h e
> i n
> p r a c t i c e
> o k a y
> b a b e
> t h e
> h a p p y
> a n d
> a s k i n g
> w e r e
> l i k e
> t h o u g h t
518,524c440
< g a m e
< b a d
< i t ' s
< j u s t
< a l w a y s
< s o m e t h i n g
< w i t h
---
> w e i r d
526,528c442
< h a p p y
< b i r t h d a y
< a t
---
> o n
530,537c444,448
< t i m e
< i t
< i ' m
< a n d
< t h e m
< s e r i o u s
< r e l a t i o n s h i p
< c a u s e
---
> s o r r y
> w i t h
> s i s t e r
> b e
> f o r
538a450,455
> h a v e
> t o
> i ' l l
> m y s e l f
> r e a l l y
> t h a t ' s
540,542c457,461
< a n d
< i t
< i ' m
---
> h o m e
> y e t
> w o r k
> c h a n g e
> c h r i s t m a s
545,580c464,470
< s a i d
< e n o u g h
< c a n ' t
< b y e
< l o v e
< y o u
< w h a t ' s
< f o r
< w h a t
< d a y s
< c h r i s t m a s
< y o u
< o n e
< b o r e d
< t y p e
< n o t
< t h a t
< t h a t
< h e y
< b e e n
< f o r
< r e a s o n
< c a n ' t
< s t o p
< a n n o y i n g
< f r i e n d
< w y d
< i ' m
< g o n n a
< b e
< p e r s o n
< a n d
< s o m e t h i n g
< h a v e
< n o
< a b o u t
---
> w a i t
> d o
> d e a d
> d o i n g
> i s n ' t
> e a t
> m e
582,583c472,477
< s u r p r i s e d
< m y
---
> n o w
> p r o b a b l y
> p r e t t y
> o u r
> o u r
> n e w
585c479
< w h a t ' s
---
> y o u r
587,590d480
< y e s
< d o n ' t
< g i r l
< n a m e
592c482,489
< t h e
---
> y o u r
> d o n ' t
> w e
> o u t
> o f
> o r
> d o n ' t
> p h o n e
593a491,497
> y e s
> n o w
> w e l l
> s h e
> o k a y
> w e d n e s d a y
> t o
595,602c499,501
< l o v e
< h o w ' s
< a t
< y o u
< i ' l l
< i t
< c a n
< g e t
---
> l e t ' s
> w a y
> p e o p l e
604,622c503
< n e w
< w i l l
< t o
< h a s n ' t
< w h i c h
< i s
< t h e
< r e a l l y
< s u p
< w h a t
< h a v e
< m e
< w h a t ' s
< h e y
< w i s h
< w h a t
< u p
< n o p e
< y ' a l l
---
> l e t
624,629d504
< m o m
< b e i n g
< g i r l
< l e f t
< o n
< r i g h t
631,638c506,507
< n o w
< s h e
< i s
< i ' m
< c o m i n g
< w e e k e n d
< a g a i n
< i ' l l
---
> y o u ' r e
> d o i n g
640c509,516
< t h e
---
> b u t
> n o t
> t h a t
> h a v e
> y o u r
> h o m e
> c h r i s t m a s
> n u m b e r
642,654c518,524
< s h e ' s
< a l w a y s
< t a l k i n g
< y o u
< w a s
< p e r s o n
< h i m
< l e t
< y o u
< i ' m
< w i t h
< y o u
< b e c a u s e
---
> p e o p l e
> l y i n g
> e v e r y t h i n g
> t h a t ' s
> b e t t e r
> y o u r
> t h e
656,661d525
< o k a y
< e x a c t l y
< w e
< d o n ' t
< k e e p
< w i l l
663,664c527,538
< l e a v e
< g o i n g
---
> s c h o o l
> c h r i s t m a s
> h a p p y
> w e r e
> g o t
> a b o u t
> a n y
> c u t e
> g e t t i n g
> f o r
> i ' l l
> t o
666c540
< w h o
---
> l o v e
668,677c542
< t o
< t h a t
< w h a t
< g o i n g
< y e s
< f e e l i n g
< b e t t e r
< t h a t ' s
< t h e y
< w o u l d n ' t
---
> y o u r
679,682c544,552
< d o n ' t
< d o
< t a l k
< t h i s
---
> s o
> w e ' l l
> i ' m
> d o n e
> t o o
> k n o w
> b u t
> c a n
> h o l i d a y s
684,686c554,558
< t a l k i n g
< o n e
< d o n ' t
---
> t h a t
> n o
> w o n ' t
> m e
> a l o n e
688c560,563
< y o u
---
> l i k e
> t a l k i n g
> t o
> t i m e
690,696c565,578
< d o n ' t
< w i t h
< t h a n k
< s o m e o n e
< c a u s e
< h o m e
< a i n ' t
---
> g o o d
> c h r i s t m a s
> c h r i s t m a s
> t h e
> o k
> b a b y
> o k a y
> h e a d
> w o r k
> t h e
> i s
> i ' m
> s l e e p
> s o m e t h i n g
697a580,581
> q u e s t i o n
> o n
699a584,585
> f o r
> i t
701,711c587,589
< i ' l l
< t e x t
< w h e n
< i ' m
< d o n e
< w a t c h i n g
< h e r
< d u d e
< e n d
< a m a z i n g
< p e r s o n
---
> j u s t
> u p
> t h i s
713,714c591,593
< s i s t e r
< i ' m
---
> w h y
> f r o m
> d o n ' t
716,717d594
< d o i n g
< w o n ' t
719,730c596,620
< i ' m
< i t
< f a m i l y
< y o u
< s a i d
< b e c a u s e
< y o u ' l l
< s a i d
< f e e l i n g
< b e t t e r
< w i t h
< c u t e
---
> n i g h t
> h e y
> i ' l l
> t o n i g h t
> d o n ' t
> h a v i n g
> b u t
> b r o t h e r
> t h e m
> p e r s o n
> w h a t ' s
> j u s t
> r e a l l y
> t h e
> a r e
> s h e
> s a i d
> n o p e
> b a b y
> p h o n e
> l i k e
> n o t h i n g
> w e i r d
> l o o k
> w i l l
732,737c622,627
< t o
< w i t h
< y e s
< p e o p l e
< t e l l
< i ' m
---
> w h a t
> y o u ' v e
> b e a u t i f u l
> t h i n k
> i t ' l l
> b e
739,743c629,632
< y o u r
< a s k i n g
< w o r k i n g
< t h a t ' s
< n o
---
> s u r e
> a g a i n
> s o
> t h e r e ' s
745,748c634,650
< o f f
< t h e
< w e e k e n d
< m o n d a y
---
> u p
> h a v e
> i ' v e
> s o r r y
> c a u s e
> c a l l
> p l a y i n g
> c o u s i n
> n o w
> n i g h t
> t i m e
> d o n ' t
> i ' l l
> y o u
> t o n i g h t
> t h e n
> y o u
750,754c652,653
< t h a t
< w e e k e n d
< i s
< o f
< g o t
---
> g o i n g
> y o u r
755a655,656
> a b o u t
> g o t t a
757,758c658,663
< s o
< m u c h
---
> m e
> b e i n g
> m e
> t h e y
> t h o u g h
> t o
760,772c665,667
< g i f t
< a n d
< m a y b e
< l i t t l e
< d o i n g
< a n d
< d o n ' t
< r e a l l y
< j u s t
< s i t t i n g
< b o r e d
< w h y
< l e t
---
> t h e
> t h e
> y e s
774,781c669,674
< f a m i l y
< t o g e t h e r
< c h r i s t m a s
< g e t
< w h e r e
< o f f
< c h r i s t m a s
< r e a l l y
---
> o u t
> a r e
> t h e
> d o n ' t
> s h e
> s a i d
783,784d675
< t o o
< s o m e
787,828d677
< w h a t
< b r o t h e r
< y o u
< s e e
< g e t t i n g
< b u t
< i ' m
< t h a n
< y e s
< i ' l l
< p l e a s e
< i ' l l
< l o v e
< f o r e v e r
< w h a t ' s
< g e t
< a b o u t
< y o u ' v e
< t h e r e
< f o r
< y o u ' r e
< d o i n g
< d e f i n i t e l y
< w h a t
< i ' l l
< p r o b a b l y
< w h o
< y e s
< t i m e
< f o r
< i ' l l
< s l e e p
< u p
< w e l l
< s t i l l
< u p
< d i d n ' t
< g o
< s e e
< w h e n
< t o
< c o u l d n ' t
830,833c679,683
< w h e r e
< d o
< n o t
< r i g h t
---
> d o n e
> h a t e
> f r i e n d s
> t h e
> t i m e
835,846c685,699
< a n y
< d o n ' t
< i ' v e
< b e e n
< g e t t i n g
< b y
< s t i l l
< h a v e n ' t
< e v e r y t h i n g
< t a l k
< w a s
< y o u r
---
> a l w a y s
> t h e m
> y e a h
> i s
> i t
> t h o u g h t
> r e m e m b e r
> a t
> t h a t ' s
> h a i r
> y o u
> s u r e
> m e
> i f
> a n y t h i n g
847a701,708
> d o
> b e t w e e n
> y e a h
> t h e
> n o t h i n g
> t a l k i n g
> a l w a y s
> h a p p y
849c710,712
< i t ' s
---
> a l w a y s
> y e s
> i s
851d713
< u n d e r s t a n d
853,858c715,716
< o n e
< w a s
< b a d
< o k a y
< l e a v i n g
< a t
---
> j u s t
> t h a t
859a718
> n o t
861,868c720,725
< y o u r
< l i k e
< t h e r e
< b o r e d
< i s
< w h e n
< y o u
< b o u t
---
> r i g h t
> i ' m
> o n e
> l e t
> m o m
> l e f t
870,878c727,730
< e v e n
< t i m e
< a c t u a l l y
< w o n ' t
< c a n
< b a b y
< m o r n i n g
< g i r l f r i e n d
< a t
---
> y ' a l l
> s m o k i n g
> w h a t
> o k a y
880,882c732,736
< b e l i e v e
< b e e n
< s t o p
---
> t h o
> l e a v e
> k n o w
> i ' m
> y e s
884,890c738,740
< h a v e
< c o m e
< h a p p y
< b i r t h d a y
< h e a r t
< h e ' s
< b e e n
---
> a n d
> d o n ' t
> y o u
892,897c742,750
< o k a y
< l o o k
< i ' m
< t o g e t h e r
< c o m i n g
< o f f
---
> n o w
> f o r
> m e
> t h a t ' s
> c r a z y
> b a d
> m y
> m y
> t o
899c752,753
< s o r r y
---
> d e a d
> s e r i o u s
901,905c755,756
< w a n t
< l o n g
< c a n
< m a y b e
< h e y
---
> t h a t ' s
> j u s t
907,913c758,761
< w h a t
< w o u l d
< l i k e
< t o d a y
< w h a t
< y o u r
< a f t e r
---
> a l r i g h t
> m y
> w i l l
> u p
915,918c763,771
< k n o w
< i ' m
< d o n ' t
< t h a t
---
> t h a t ' s
> w h a t
> i t
> m u c h
> t o
> d o
> g o o d n i g h t
> y e s
> a r e
920,922c773,777
< y o u
< g e t t i n g
< c r a z y
---
> u n d e r s t a n d
> b a c k
> s n a p c h a t
> j u s t
> p e o p l e
924,925c779,782
< a w e s o m e
< t o
---
> h o m e
> a l r e a d y
> c o u l d ' v e
> b e t
927,953d783
< h e y
< w h a t ' s
< t h a t
< h e ' s
< p h o n e
< y o u
< w a n t
< g o
< g o o d
< s o o n
< t h i n g s
< g o i n g
< a n d
< a n d
< l e a v i n g
< w h a t
< y e a h
< p i c k
< s h o p p i n g
< w h y
< o u t
< c o m e
< y o u
< h e l p
< g i v e
< y o u
< y o u ' r e
955,956c785,790
< n o b o d y
< t a l k
---
> t h e
> m e d i c i n e
> i s n ' t
> w i s h
> t h o
> i ' l l
958,963c792
< i ' m
< w i t h
< y e s
< g o n n a
< h a v e
< t o
---
> i t ' s
965,968d793
< y o u ' r e
< c o m e
< h e y
< s o r r y
971,975c796,800
< m u c h
< w i l l
< y o u
< i ' l l
< t h o u g h t
---
> b a c k
> r i g h t
> t h e
> k n o w
> g e t
978c803,805
< t h i s
---
> b a b y
> i ' l l
> h o u s e
980,983c807,812
< a b o u t
< m e
< g a m e
< n o
---
> d u d e
> h a v e
> c a n
> w h a t
> y e a h
> y e a h
985,989c814,815
< e v e r y t h i n g
< s i s
< o k a y
< l e t
< d o
---
> t o d a y
> c o m i n g
990a817,822
> f i n e
> t h a n k s
> s t i l l
> l o n g
> h o m e
> y o u
992c824,837
< b e e n
---
> m a y b e
> d o n ' t
> m o r n i n g
> b e c a u s e
> r e a l l y
> i m p o r t a n t
> w h e n
> h o m e
> t o
> i ' l l
> t h a n k
> y o u
> s o
> f o r
994,996c839,851
< i s
< t h a t
< c o m i n g
---
> b i r t h d a y
> w o n ' t
> w i t h
> w a s
> g o o d
> t o o
> g o t
> t h e
> y o u ' v e
> n e v e r
> s l e e p
> w a n n a
> p h o n e
998c853,881
< s o
---
> t o
> q u i c k
> s o o n
> t o
> y o u
> a c t u a l l y
> s c h o o l
> s c h o o l
> t h a n k s
> t o
> h i m
> t e x t
> w h i c h
> a c t u a l l y
> s t o p
> n o t
> g o o d
> w h o
> t o
> s t i l l
> w i t h
> w r o n g
> t i m e
> b a b y
> m o m m y
> h o u s e
> w o n ' t
> u p
> n o w
999a883,894
> c o u l d ' v e
> a i n ' t
> i t ' s
> f i n e
> w e
> h a v e
> i t
> c a n ' t
> w i l l
> w e d n e s d a y
> d i d
> y o u
1001,1008c896,905
< g e t
< s o
< c o u l d
< d o
< h e y
< b r o t h e r
< c a n
< a l w a y s
---
> u g l y
> i ' m
> o n
> r e a l l y
> b a b y
> t e x t
> u p
> w a t c h i n g
> l o v e
> h e r
1010,1021d906
< t h e
< o n e
< t i m e
< g o o d
< m o r n i n g
< g o o d
< m o r n i n g
< t o d a y
< k e e p
< i s
< i t
< a r e
1023c908
< s h e ' s
---
> t i r e d
1025,1033c910,918
< w a s
< t a l k
< w r o n g
< w i t h
< y o u
< j u s t
< g e t
< d o
< l o o k
---
> s a y
> b e t t e r
> h e y
> w h a t
> b e t
> i t ' s
> t h e
> h o s p i t a l
> a m
1035,1040d919
< n o t h i n g
< u p
< t o
< y u p
< a r e
< y o u
1042,1043c921,929
< m i n u t e
< t h o s e
---
> b a c k
> a i n ' t
> y ' a l l
> m e
> t w o
> y o u r
> t a l k i n g
> w i t h
> g o t
1045,1051c931,942
< s o m e b o d y
< e l s e
< i ' l l
< k n o w
< s o r r y
< s i s t e r
< m u c h
---
> c a n
> s e n d
> m e
> y e a h
> b e t
> n o
> i ' m
> o u t
> w a n t
> m e a n
> w h y
> w a t c h i n g
1053,1054d943
< y ' a l l
< u g l y
1056,1066c945,958
< w i s h
< f r i e n d s
< n e v e r
< h a i r
< s o m e t i m e s
< i ' v e
< i ' m
< f a m i l y
< i ' v e
< i ' v e
< h o m e
---
> b e a u t i f u l
> d o n ' t
> h o u s e
> i n
> s o m e t h i n g
> t e x t
> g e t
> h e r e
> y o u r
> n u m b e r
> t o l d
> d o n ' t
> a n d
> m e a n
1068c960,977
< y o u
---
> w a t c h
> s o m e t h i n g
> h e y
> m e
> h e y
> j u s t
> l e f t
> o f
> w i t h
> t h e
> w a i t
> t o
> d i d n ' t
> a n y o n e
> h o p e
> s e e
> s o o n
> h o u s e
1069a979,980
> l i t t l e
> w i t h
1071,1089c982,984
< a l m o s t
< w h a t ' s
< c h e c k
< o u t
< w h e n
< g e t
< b a c k
< c a r e
< p r i n c e s s
< i t ' s
< l a t e
< l o v e
< c a n ' t
< w h a t ' s
< f o r
< f o r
< i ' m
< o u t
< w h a t
---
> i ' l l
> i n
> m i n u t e s
1090a986,987
> f o r
> t o o
1092,1105c989,1002
< h a p p y
< y o u
< h o l i d a y s
< w o u l d n ' t
< g r e a t
< t o
< b a b y
< i ' m
< e n o u g h
< c h a n g e
< t h e n
< t h e r e
< u p
< t h a t ' s
---
> i t
> w h o
> h a v e
> t h e y
> s t i l l
> w h e n
> w e
> h e r
> n o w
> n o b o d y
> m e
> f o r g o t
> g e t t i n g
> s t i l l
1107,1111c1004,1012
< s o r r y
< t h a t
< n o t
< y e a h
< w e r e
---
> i ' d
> t h e
> i t
> o n e
> c a n ' t
> t h a t ' s
> b a d
> p h o n e
> h o m e
1113,1117d1013
< c h r i s t m a s
< l i k e
< t o
< s t u p i d
< l o l
1119,1124c1015,1018
< d r i v i n g
< h e l l
< c a n
< i ' m
< d o e s n ' t
< l o l
---
> c o m e
> w h e n
> p l e a s e
> m y
1126,1141c1020,1026
< n o w
< n o w
< h a s n ' t
< l a s t
< n i g h t
< t h a t
< y o u
< h e r
< w e r e
< c h e a t i n g
< m u c h
< d o n ' t
< t h a t
< y o u
< t h e r e ' s
< f a v o r i t e
---
> h e ' s
> s t o p
> t h a t ' s
> w i t h
> h e
> t h e y
> t o
1143,1155c1028,1030
< y o u ' l l
< o f f
< w e
< s h e
< c o m i n g
< o n
< s h e
< f a m i l y
< s o
< w h a t
< y e a h
< c o m i n g
< y o u
---
> h e ' s
> b e e n
> h e ' s
1157,1172c1032,1037
< i ' m
< g o n n a
< w h a t ' s
< t h i s
< m e
< w a s
< s u r e
< w h y
< y o u
< y o u
< l e t
< c h e c k
< b o y
< i ' m
< s i s t e r
< d i d
---
> p l e a s e
> l e a v e
> m a d
> j u s t
> l e a v e
> t h e
1174,1185d1038
< c h r i s t m a s
< t o
< b e
< t h e y
< i ' m
< g o i n g
< b u t
< w h o
< i n
< i t
< o u t s i d e
< s o
1187,1188d1039
< w e ' l l
< t h e r e
1190c1041,1050
< g o
---
> m y
> y e a r
> s e l f
> t o d a y
> i ' d
> h a p p e n
> w a y s
> c a n
> i ' d
> d o n ' t
1192,1197c1052
< t h a t ' s
< t h i n k
< t o o
< t h a t ' s
< i t ' s
< f r o m
---
> n e p h e w
1199c1054
< a n d
---
> h i m
1201,1213c1056,1060
< i t
< h a p p y
< m e
< s t o p
< h a p p y
< f e e l i n g
< d i d n ' t
< g o n n a
< w h a t e v e r
< w a n t
< t i m e
< t h a t
< a f t e r
---
> k n o w
> a i n ' t
> i ' m
> h u r t
> p e o p l e
1215,1218c1062,1064
< t o o
< q u i c k
< o f
< y o u
---
> t h a t
> d o e s n ' t
> d o n ' t
1220,1221c1066,1077
< g o n e
< w i t h
---
> w h a t
> d o i n g
> t o
> h a r d
> w a s n ' t
> b u t
> w a s
> d i d n ' t
> r e a l l y
> b u t
> t h i n k
> h i m
1223,1224d1078
< w i l l
< s a y
1226,1227c1080
< g e t t i n g
< b e i n g
---
> w o u l d n ' t
1229,1232c1082,1089
< d o e s n ' t
< w o r k
< d i d n ' t
< i t
---
> y ' a l l
> y ' a l l
> y ' a l l
> t o
> y ' a l l
> y ' a l l
> y ' a l l
> s t o p
1234,1239d1090
< t h a t
< r e a l l y
< d i d n ' t
< k n o w
< w o u l d
< l i k e
1241,1244d1091
< c a n
< c h r i s t m a s
< o n
< i n
1246,1247c1093,1114
< w h a t
< y e s
---
> r i g h t
> h o m e
> i s
> y o u
> w h y
> p a r t y
> i ' v e
> w o n ' t
> j u s t
> d o n ' t
> a b o u t
> i ' m
> t e x t
> t h e m
> o v e r
> w a n t
> d o e s n ' t
> a n y m o r e
> d i f f e r e n t
> l o v e
> h e r
> g i r l
1249a1117,1121
> b o u t
> t o
> i ' m
> r e a l l y
> t h e y
1250a1123,1140
> f i n e
> t h i n k
> g o o d n i g h t
> i ' l l
> t e x t
> m o r n i n g
> l o v e
> o k a y
> h a v e
> h e r e
> r e a d y
> i ' m
> j u s t
> m e
> y e s
> h e y
> j u s t
> c a u s e
1251a1142,1172
> d o n ' t
> i ' m
> t h e
> r i g h t
> m o r e
> w e ' r e
> b a c k
> m e
> i ' m
> t h e
> o n e
> y e s
> y o u ' r e
> p r o b a b l y
> a s l e e p
> n i g h t
> f r i e n d
> g o i n g
> d o i n g
> s h o u l d
> a n d
> t h e
> j u s t
> n o t h i n g
> m u c h
> n o t h i n g
> i s n ' t
> t h e r e
> c a u s e
> i t ' s
> i ' m
1253c1174,1185
< g e t
---
> j u s t
> w i t h
> e v e r y o n e
> f r o m
> d a u g h t e r
> l i k e
> n o w
> w i t h
> h e a d
> p h o n e
> m o r n i n g
> u p
1254a1187,1193
> d o e s n ' t
> h a v e
> t h e y
> d o n ' t
> l o o k
> f o r
> c u t e
1256,1264c1195,1198
< w i t h
< d o n ' t
< t h e
< y o u
< a i n ' t
< i t
< w h o
< n u n
< c o o l
---
> i ' m
> s l e e p y
> g o o d n i g h t
> a n d
1266,1271c1200,1206
< s i t u a t i o n
< i ' l l
< a t
< s t a r t e d
< r e l a t i o n s h i p
< t h e y
---
> t e l l i n g
> t o
> t h o u g h t
> g o t
> h i m
> g o n e
> a s k
1273,1278c1208,1220
< t h i n k i n g
< h o w
< t h i s
< s h o w
< w o u l d n ' t
< r e a l l y
---
> t e x t i n g
> t a l k i n g
> u p
> i ' m
> s o m e
> t h a t ' s
> y o u
> t h e
> c h r i s t m a s
> b a s i c a l l y
> d o n ' t
> o k a y
> d o n ' t
1281c1223,1228
< w h a t e v e r
---
> t h e r e
> e a r l y
> d o
> f o r
> y e a h
> f r o m
1282a1230,1244
> n o t
> a b o u t
> n o b o d y
> y e a h
> t o
> a f t e r
> d a d d y
> i ' m
> g o n n a
> y o u
> w a t c h
> y o u r s e l f
> o n e
> o f
> s l e e p
1284,1289d1245
< f o r
< t h a t ' s
< c a n ' t
< a s l e e p
< y o u ' l l
< s e e
1291,1308c1247,1256
< j u s t
< s u r p r i s e
< a l r i g h t
< a t
< d o n ' t
< p l a y i n g
< s t u f f
< t h o u g h t
< r e m e m b e r
< d o i n g
< y ' a l l
< w e i r d
< o h
< a n s w e r
< q u e s t i o n
< n e v e r
< t o
< t o m o r r o w
---
> l o v e
> b e f o r e
> g o i n g
> f o r
> s i s t e r
> n o t
> c a l l
> s h o u l d
> t h a n k s
> w a s
1310c1258
< s u r p r i s e
---
> t h e y
1312,1318c1260,1272
< w a t c h
< w h a t e v e r
< w i t h
< d o n ' t
< l i k e
< s e e
< y ' a l l
---
> t h a t ' s
> t r u e
> t h e y
> e v e r y o n e
> s t u p i d
> h e y
> h a p p e n
> n e v e r
> i ' l l
> y o u
> y o u
> s o
> w h a t
1320,1324d1273
< i s
< n o t h i n g
< h o m e
< l e a v e
< a n d
1326c1275,1281
< s t i l l
---
> t r y i n g
> d o w n
> i ' m
> g o i n g
> u p
> h e ' s
> o f f
1329,1336c1284
< b u t
< a i n ' t
< c a n ' t
< c o u l d ' v e
< t h a t ' s
< h o w
< t h i n g s
< w a n n a
---
> s l e e p
1338,1348c1286
< w a n t e d
< m e
< l i v e
< r i g h t
< m i g h t
< a s l e e p
< d o
< t h a t ' s
< d o n ' t
< w a n n a
< c h r i s t m a s
---
> t o d a y
1351,1355c1289,1300
< w r o n g
< y u p
< w h a t ' s
< u p
< t h a n k s
---
> f u n
> i ' m
> a r o u n d
> w h a t
> w a t c h i n g
> n o t h i n g
> c o u l d
> p i c t u r e s
> b u t
> a n d
> d o n ' t
> p h o n e
1357,1363c1302,1305
< j u s t
< t e l l
< l e a v i n g
< n o w
< i t ' s
< d o
< r e m e m b e r
---
> t h e
> i ' m
> m o r e
> c o u l d
1365,1367c1307,1315
< n o w
< w y d
< d o w n
---
> d o n ' t
> t a k e
> i t
> w h a t
> h e ' s
> n o t
> i ' m
> i ' m
> f o r
1369,1380c1317,1324
< b e c a u s e
< w i t h
< f a m i l y
< u n d e r s t a n d
< w i l l
< o u r
< h o m e
< w h e n
< w h a t ' s
< o n
< i ' l l
< o u r
---
> h a p p e n e d
> y o u ' r e
> t h e
> o n e
> w h o ' s
> n o t
> n i c e
> w e l l
1382,1391c1326,1329
< n o t h i n g
< d o e s n ' t
< m a k e
< b e t t e r
< i ' l l
< s a m e
< c a n ' t
< t h a t
< h o n e s t l y
< e a t
---
> s o m e t h i n g
> w h a t ' s
> w h a t e v e r
> f i n e
1392a1331,1332
> b u t
> g o n e
1393a1334,1350
> t h e
> d o n ' t
> h o m e
> r e a l l y
> i t
> u p
> y o u r
> f a c e b o o k
> m o r n i n g
> y e a h
> t o g e t h e r
> y o u
> t o o
> g e t t i n g
> o u t
> a t t e n t i o n
> y o u
1396,1398d1352
< o n e
< h a v e
< s a i d
1400,1404d1353
< h a v e
< s o m e
< c o u l d n ' t
< t h e
< t o
1406,1409c1355,1366
< d i d n ' t
< d i d n ' t
< t h a t ' s
< h o w
---
> b a b y
> b a c k
> k n o w
> w o u l d n ' t
> y e s
> y o u
> w h o
> t h a t
> i t
> w a s
> m e
> y o u
1411,1414d1367
< t h e
< a r e
< a s k i n g
< s o
1416,1422c1369,1371
< g e t t i n g
< s o r r y
< s a i d
< n e e d
< t y p e
< s o m e t h i n g
< b a b y
---
> w i l l
> w h a t
> i ' l l
1424,1425c1373,1375
< k i n d a
< b a b y
---
> g r e a t
> r e a d y
> c h r i s t m a s
1427,1431c1377
< n o t
< b o t h
< w a y s
< t h e
< w i t h
---
> m e
1433,1451d1378
< t a k e
< s h o w e r
< y e p
< l o n g
< w h a t
< d o n ' t
< h a v e
< p h o n e
< b a b y
< t o o
< n o t
< b u t
< o n
< a i n ' t
< i t
< i ' m
< y e a h
< d i d n ' t
< t a l k
1453,1455c1380,1385
< t h e
< d o w n
< i ' l l
---
> g e t t i n g
> d o i n g
> s o m e t h i n g
> t h i n k
> s h e
> i s
1457,1458c1387,1392
< a r e n ' t
< h e r e
---
> w a s
> t r y i n g
> j u s t
> m a k e
> i t
> t h e r e
1460,1466c1394,1405
< b y
< h a v e
< s t i l l
< n e x t
< o u r
< i ' m
< e v e n
---
> s a y
> m u s i c
> c a n ' t
> f o r
> t e x t
> l a t e r
> d o n ' t
> b u t
> i ' l l
> t r y i n g
> t h a t ' s
> i ' l l
1468,1469c1407,1408
< y e t
< y o u
---
> j u s t
> t o
1471,1482c1410
< h a v e
< h e r
< y ' a l l
< l o l
< b e c a u s e
< d o n ' t
< a n y m o r e
< d o n ' t
< w a s
< b a b y
< w h e r e
< t h e
---
> s t u f f
1484c1412,1419
< d o n ' t
---
> f e e l i n g
> a l w a y s
> m y
> c h r i s t m a s
> d o e s n ' t
> s a y
> n o t h i n g
> m i n u t e s
1486,1489c1421,1434
< d o
< i s
< c a n ' t
< i ' m
---
> i ' v e
> d o n ' t
> i ' l l
> o f
> m y
> h a v e
> y e a
> l i k e
> w h a t
> w e
> o n
> k n o w
> l o o k
> m y s e l f
1492,1494c1437,1445
< g i r l
< y ' a l l
< w o r k i n g
---
> f o r
> c h r i s t m a s
> t h a t
> t h a t
> u p
> s h e
> s h e
> t h e
> u n t i l
1495a1447,1458
> m a y b e
> w o n ' t
> h a v e
> m o r n i n g
> y o u
> a l r e a d y
> y o u r
> n o p e
> a l r i g h t
> t h e n
> y o u
> d o n ' t
1497c1460
< l e a v i n g
---
> h o w
1499c1462,1477
< i n
---
> s u p p o s e d
> n o w
> t h i s
> m e
> c a n ' t
> d i d n ' t
> l o l
> p l a y i n g
> w i t h
> a n d
> w e l l
> b e c a u s e
> c o u l d
> h a v e
> t r u e
> y e a
1500a1479,1480
> s i s t e r
> y o u
1502,1509d1481
< h o m e
< g o i n g
< y e s
< i ' m
< b e t t e r
< t i m e
< t o o
< d i d
1511,1514c1483
< t o
< i ' l l
< d i d n ' t
< l i k e
---
> y o u ' r e
1516,1525c1485,1497
< w i t h
< k n o w
< a l r e a d y
< l o v e
< t h i s
< n o t
< r i g h t
< i ' m
< a l w a y s
< y u p
---
> a s k
> e v e r y t h i n g
> w o n ' t
> o f f
> d o n ' t
> t a l k
> m o r e
> d o n ' t
> w a s
> j u s t
> p l a y i n g
> i s
> a l m o s t
1527,1530c1499,1501
< c h r i s t m a s
< t e x t
< r i g h t
< d i d n ' t
---
> w e ' r e
> g o i n g
> t o g e t h e r
1532,1538c1503,1504
< w h y
< i ' m
< a n d
< n o t h i n g
< t h i n k i n g
< i ' m
< w a t c h i n g
---
> w i l l
> t a k e
1540,1544c1506,1507
< p i c t u r e s
< w h a t ' s
< y o u r
< n o
< d o n ' t
---
> m i n u t e s
> r e m e m b e r
1545a1509
> t a l k
1547,1579c1511,1512
< f i n e
< w i t h
< a n d
< t h a t
< u n d e r s t a n d
< d i d
< i n
< i ' v e
< e v e n
< b e
< m y
< a b s o l u t e l y
< a n d
< j u s t
< t h i n k i n g
< w o u l d n ' t
< h o m e
< t h a t
< a n d
< w o u l d
< h e l p
< o l d
< w h o
< h a p p e n s
< m y
< i ' m
< n o t
< t h a t
< s o m e t h i n g
< b u t
< i ' m
< f o r
< i ' m
---
> n o
> y o u
1581,1582c1514,1515
< h a v e
< a n d
---
> m a d
> j u s t
1584,1585c1517,1521
< g a m e
< d o n ' t
---
> a l m o s t
> o v e r
> w e ' r e
> g o i n g
> t o g e t h e r
1587,1589c1523,1526
< l o o k
< t o m o r r o w
< b e f o r e
---
> w i t h
> y o u
> h a v e
> s e n d
1591,1596c1528,1531
< i ' m
< r e a l l y
< t h e
< b a b y
< y e s
< t h a t
---
> n o
> d o n ' t
> m o r e
> n o w
1598c1533,1534
< t h i s
---
> b e
> w e ' r e
1600c1536
< j u s t
---
> t a k e
1601a1538,1539
> t h e
> t h i s
1602a1541,1574
> r e m e m b e r
> g r o u p
> o n
> t h a t ' s
> d i d n ' t
> y o u
> t h a t
> h e y
> s i s t e r
> m e
> t h a t
> c h r i s t m a s
> c h r i s t m a s
> n o
> l o v e
> e v e r y t h i n g
> n o t e
> a l r e a d y
> y o u ' r e
> i ' m
> t o l d
> o k a y
> m a ' a m
> n o w
> i ' m
> g e t t i n g
> h e y
> w h a t
> d i d
> s h e
> h o l i d a y s
> f o r
> c l o t h e s
> g o o d
1605,1606c1577,1582
< n i g h t
< y o u
---
> b o o
> a l r e a d y
> k n o w
> e v e n
> w a s n ' t
> i ' l l
1607a1584,1592
> s a y i n g
> t h i s
> a n d
> m y
> b i r t h d a y
> i ' m
> s o m e o n e
> t h a t
> s u p p o s e d
1609,1614c1594,1600
< w a s
< s h e
< t h e
< b e c a u s e
< n o t
< p l e a s e
---
> t h e r e
> c o u r s e
> m e s s a g e
> r e m e m b e r
> i s
> c o o l
> t a l k
1617,1627c1603
< b y
< t e x t
< m u c h
< t h e
< t h a t
< i s n ' t
< s t u f f
< w o n ' t
< a t
< n i g h t
< c a u s e
---
> t r y
1629,1634d1604
< i ' m
< j u s t
< o u t
< g i r l
< y o u
< j u s t
1636c1606,1612
< w o n ' t
---
> f o u n d
> a i n ' t
> l o l
> d i d n ' t
> h o w
> e v e n
> k n o w
1638,1642c1614
< w a s
< t h o u g h t
< c o u r s e
< i t
< s o
---
> w i t h
1644c1616
< t h e
---
> c h r i s t m a s
1646,1648c1618,1623
< d o n ' t
< w h y
< e v e r y t h i n g
---
> k n o w
> y e a
> i ' m
> l i k e
> g o t
> g o n e
1650c1625,1632
< j u s t
---
> w o r k i n g
> a l l
> t h e m
> w r o n g
> f o r
> c a n ' t
> i ' m
> h u n g r y
1652,1657c1634,1643
< h o p e
< i t
< g i r l
< t h a t ' s
< y o u
< m e
---
> i ' l l
> t h e
> w r o n g
> w i t h
> w h a t ' s
> t a l k
> m o r n i n g
> h i m
> t h a n k s
> w h a t
1658a1645,1646
> i ' v e
> i ' m
1660,1672c1648
< d o
< r e a l l y
< l e f t
< b e t t e r
< y o u
< m a y b e
< i n s t a g r a m
< j u s t
< f e e l
< y o u r
< w y d
< b r e a k f a s t
< i s
---
> s o r r y
1673a1650,1660
> h i
> t h e
> t h a n k s
> a g a i n
> w o u l d ' v e
> t h e
> n o t
> o n
> p h o n e
> m e
> a i n ' t
1675,1695c1662,1663
< t o o
< d o
< m y
< w i t h o u t
< d i f f e r e n t
< o k a y
< h o w
< o k a y
< g o o d n i g h t
< t h e y
< e v e r y t h i n g
< n e e d
< p l e a s e
< k n o w
< w a n t
< h e l p
< w h a t ' s
< u p
< w o u l d n ' t
< w a n t
< l o v e
---
> g e t
> f r o m
1697,1700c1665,1689
< t o o
< d o
< o n e
< f r i e n d s
---
> y o u
> b e f o r e
> o f
> s o r r y
> i ' m
> s h o u l d
> b a c k
> h o n e s t l y
> h a d
> b e c a u s e
> s c h o o l
> a n d
> l o v e
> b i r t h d a y
> h o w
> m u c h
> h e y
> g o o d
> w h o
> o t h e r
> d o n ' t
> d o n ' t
> l e t ' s
> f r i e n d
> a f t e r
1702,1704c1691
< w o n ' t
< l e a v e
< y o u r
---
> e v e n
1706,1708c1693,1706
< i s
< w i t h
< m y
---
> t o
> l o l
> y o u r
> c o o l
> y o u ' l l
> a t
> h a p p e n
> t a k e
> d o w n
> a n d
> w h y
> d o n ' t
> b e
> e v e r y w h e r e
1710,1713c1708,1711
< n o t
< d i d
< t h e
< g u y s
---
> m a k e
> p e o p l e
> p h o n e
> i ' m
1715,1717c1713,1728
< l i k e
< y e s
< s h e
---
> q u e s t i o n
> y o u
> w a s n ' t
> t o
> m y
> m u c h
> d o
> w h a t ' s
> y o u
> p i c k
> u p
> c a n ' t
> r i g h t
> w h a t ' s
> m a k e
> n e v e r
1719,1720c1730,1738
< f a c e b o o k
< w e
---
> b e
> h e r e
> m o r n i n g
> i ' d
> a b o u t
> t i m e
> t h a t
> h a p p e n e d
> a g a i n
1722,1724c1740,1743
< t o n i g h t
< s o
< c h r i s t m a s
---
> f i r s t
> w h y
> g o o d
> t h e y
1726,1737c1745
< s o
< w i t h
< d a d
< s h e ' s
< u p s e t
< t o n i g h t
< n i g h t
< t o m o r r o w
< l i k e
< m o r n i n g
< f o r
< b a c k
---
> d o n ' t
1738a1747,1760
> i s
> s o r r y
> c o u l d n ' t
> i t
> w a s n ' t
> a n d
> h o m e
> b o y
> b o y
> d o n ' t
> r e a l l y
> k n o w
> t h a t
> v e r y
1740,1741c1762
< i ' m
< d o w n
---
> a r o u n d
1742a1764,1776
> h e
> e a t
> l i k e
> h e
> h e ' l l
> o n
> h e ' s
> t h a t
> w o u l d
> e v e r
> n o w
> t h a t ' s
> t o o
1744d1777
< b e l i e v e
1745a1779
> a b l e
1747c1781,1795
< a n d
---
> g o n n a
> s t o p
> q u i c k
> h o u s e
> t h a t
> f o r
> l e a v e
> t h e
> o f
> i ' m
> d i d
> k n o w
> d o n ' t
> y o u
> k n o w
1749,1750c1797,1798
< p h o n e
< d a u g h t e r
---
> i t
> h o w ' s
1752,1758c1800,1801
< t o o
< t a l k
< a b o u t
< a b o u t
< h a p p y
< j u s t
< b u t
---
> w r o n g
> p e r s o n
1760,1761c1803,1805
< t h e
< y o u
---
> n o t
> b a c k
> l i k e
1763,1766c1807,1816
< r i g h t
< h a v e n ' t
< y o u
< b a b y
---
> y ' a l l
> t h a t
> b a c k
> l i k e
> t h e y
> b r o
> w h e n
> w o u l d
> t h i s
> s h e
1768,1776c1818,1826
< l o v e
< c o m e
< o k a y
< j u s t
< l a y i n g
< n o t
< n o w
< s c h o o l
< m i g h t
---
> o n
> s o m e
> w i t h
> a p p r e c i a t e
> i t
> w h o
> s e l f
> b o r e d
> g o t
1778,1780d1827
< g e t
< m y
< b u t
1782,1783d1828
< t h a t
< t h a t
1785,1807c1830
< a n d
< w a s
< d o n ' t
< t h a t
< w h a t
< s h o u l d
< c h r i s t m a s
< m e
< t h a t ' s
< y e s t e r d a y
< b u t
< p h o n e
< w h e n
< y e s
< w h y
< g u y s
< p r e t t y
< t h e r e
< t h a t
< y o u
< w o n ' t
< b e c a u s e
< a t
---
> t o
1809,1810c1832,1845
< h i m
< h i s
---
> o f
> h a v e n ' t
> w h a t ' s
> g o i n g
> g o o d
> m y s e l f
> y e a h
> h a v e
> i ' d
> j u s t
> i ' m
> w i t h
> i ' m
> h a v e
1811a1847,1854
> a i n ' t
> s u p p o s e d
> b e l i e v e
> y e s
> a r e
> j u s t
> m e
> w h a t ' s
1812a1856,1858
> l o v e
> y o u
> m e a n
1814,1834c1860,1863
< w h a t
< n u m b e r
< w h a t
< y e s t e r d a y
< o n l y
< o k a y
< p r o b a b l y
< w h e n
< s a i d
< w a s n ' t
< g o i n g
< d o
< l i k e
< o f
< t h a n k s
< t h a t
< p r o b a b l y
< y o u r
< b o y
< c o u l d
< t o g e t h e r
---
> k n o w
> y e s
> w i t h
> g o t
1836,1838c1865,1867
< n e v e r
< d o
< h o m e
---
> j u s t
> b a b y
> l e t
1840,1842c1869,1889
< s c a r e d
< t h e y
< w o u l d
---
> f o r
> t h e s e
> a i n ' t
> m e n
> s h o u l d ' v e
> w a s
> w a y
> a n d
> y o u
> t h a t
> i ' m
> y o u
> c a n
> y o u
> e v e r
> l e t ' s
> t a k e
> m i n u t e
> t o n i g h t
> m e
> y o u
1844,1846c1891,1893
< i ' d
< b a c k
< o n
---
> i m p o r t a n t
> y o u
> g o t
1848,1851c1895
< w o u l d n ' t
< h o l d
< p h o n e
< l i k e
---
> y o u ' r e
1853,1855c1897,1900
< a i n ' t
< s i n g l e
< d o n ' t
---
> n e e d s
> s o m e t h i n g
> i ' m
> s o r r y
1857,1860c1902,1904
< w h a t ' s
< g o t
< c o u l d n ' t
< y o u r
---
> w h y
> a r e
> s o
1862,1865c1906,1914
< l e t
< i ' m
< e x a c t l y
< t h e
---
> g i r l
> y o u
> m u c h
> s o m e
> s l e e p
> i f
> p h o n e
> y o u
> a n d
1867,1878c1916,1923
< f o r
< n o w
< s i t u a t i o n
< l o v e
< t a k i n g
< m e
< l i k e
< s a i d
< d o
< h e r e
< a g a i n
< t h a t
---
> t o
> a n d
> p e o p l e
> g u e s s
> b e
> o n e
> t e x t
> p l e a s e
1880c1925,1929
< o k a y
---
> w i t h
> p l a y i n g
> g o o d
> n i g h t
> c a n ' t
1882,1889c1931,1936
< s o m e
< t o o
< i ' m
< t h i s
< a g a i n
< h e y
< c a n
< p h o n e
---
> w e i r d
> l o n g
> y ' a l l
> a b o u t
> s a y
> b u t
1891,1892c1938,1941
< t e x t
< w h o ' s
---
> w o u l d n ' t
> c a r e
> y e s
> w a n t e d
1894,1895c1943,1946
< s h o u l d
< o u t
---
> t h a n k s
> f o r
> n o t h i n g
> h a p p e n
1897,1904c1948
< i t ' s
< h a p p e n s
< y e s t e r d a y
< h i m
< o l d
< t h a t
< t h e
< c o o l
---
> m e
1906,1915c1950,1951
< c a n ' t
< t a k e
< a f t e r
< s l e e p
< w h o ' s
< y e s
< s a y
< a n y t h i n g
< y e a h
< i t ' s
---
> g e t t i n g
> m o n e y
1917,1925c1953,1962
< a w e s o m e
< t h e n
< f o r
< w h o
< o u r
< w h a t
< h o m e
< s o m e o n e
< n o t h i n g
---
> o k a y
> a r e
> a r o u n d
> i ' m
> m e
> t h e y
> t h e y
> t h e y
> a l l
> f o o d
1927,1932c1964,1973
< t o m o r r o w
< b e i n g
< s o
< g o t
< d o n ' t
< k n o w
---
> i t
> w a y
> m u c h
> s t a y
> h o m e
> w h a t e v e r
> t h e
> o t h e r
> b e c a u s e
> p l a y i n g
1933a1975,1978
> s e r i o u s l y
> w h e n
> g o o d
> i t
1934a1980,1981
> s o r r y
> b u t
1935a1983,1999
> n o t
> w i t h
> f r i e n d
> w a n t
> r e l a t i o n s h i p
> y o u
> a i n ' t
> h a p p y
> a n d
> n e e d
> r e l a t i o n s h i p
> i s
> t h a t
> y o u
> o u r
> h o m e
> h a v e
1937,1940c2001,2024
< u p
< i ' m
< h i s
< a t t i t u d e
---
> t h i s
> l e t ' s
> t h a t
> h o u s e
> s e e
> b e f o r e
> s o m e
> h o u s e
> f o r
> h e ' s
> m y
> b o y f r i e n d
> a n d
> i s n ' t
> t o
> b e
> s o m e o n e
> n o p e
> t o n i g h t
> d i d n ' t
> s e e
> y e s
> c a n
> t h a n k
1942,1952c2026,2035
< p r o b a b l y
< r e a l l y
< t h e n
< w h i l e
< d o i n g
< w o u l d n ' t
< n o
< f r i e n d s
< j u s t
< g o t t a
< y e s t e r d a y
---
> d e f i n i t e l y
> f o r
> c h r i s t m a s
> c u t e
> i t
> c o m e
> u p
> y e s
> w i l l
> t e l l
1954,1963c2037,2038
< r e m e m b e r
< t o d a y
< h e r
< b a b y
< l i k e
< y e a
< j u s t
< i ' l l
< w h a t
< b o u t
---
> i s
> t h a t
1965,1971d2039
< l i s t e n i n g
< i ' m
< g o i n g
< a n d
< u p
< m y s e l f
< w o u l d
1973,1974c2041
< y o u
< y o u
---
> s a y
1976,1987c2043,2045
< n o t
< g o i n g
< w a t c h
< c a n ' t
< n o w
< w h y
< m e a n
< w a n t
< d o
< y o u ' l l
< f o r
< m e
---
> d o n ' t
> i t ' s
> t h o
1989,2000c2047,2048
< k n o w
< w e ' r e
< w o r k i n g
< a r o u n d
< y o u r
< s w e a r
< l i k e
< y o u
< l i k e
< w h a t ' s
< i ' l l
< w a n t
---
> f e e l i n g
> o k
2002,2005c2050,2053
< o u t
< s e r i o u s l y
< w h a t
< b y e
---
> t h a t
> g i r l
> w a i t
> s u r e
2006a2055,2066
> d i d n ' t
> w h e n
> c o u l d n ' t
> a g o
> t o
> s a i d
> g o
> t o
> a n d
> o n
> i ' d
> t h a t
2008,2018c2068,2074
< i ' l l
< i ' m
< y o u
< i t ' s
< t o n i g h t
< t h e y
< i ' m
< c o m i n g
< h e r e
< i ' m
< t e x t
---
> w o n ' t
> a n d
> w o n ' t
> t h e
> t o l d
> d i d n ' t
> h a v e
2020,2022d2075
< w h a t
< t o
< i ' m
2024,2039c2077,2099
< g e t
< a g a i n
< w a i t i n g
< o n
< s o o n
< w h a t ' s
< g e t t i n g
< o k a y
< w h a t e v e r
< t h o
< c a n ' t
< s e e
< h e r e
< g a m e
< k n o w
< w h a t e v e r
---
> b e c a u s e
> o l d
> f r o m
> b a s i c a l l y
> c o u l d n ' t
> f o r
> m i n u t e s
> u g h
> g o t
> n i c e
> n e t f l i x
> i ' m
> c h r i s t m a s
> d o
> w h a t ' s
> y o u
> w i t h
> s h o u l d
> i ' v e
> n e v e r
> c o m p a n y
> s e r i o u s l y
> g o r g e o u s
2041,2047c2101,2107
< t o o
< m e
< w o u l d n ' t
< i t
< l o o k
< p r o m i s e
< m e
---
> a l l
> t h e m
> b a b y
> b a c k
> t e x t
> o k a y
> n o w
2049c2109,2113
< t h i s
---
> d o
> y o u
> y o u r
> j u s t
> t h i n k
2051,2053c2115,2117
< r e m e m b e r
< h o l d
< f o r
---
> i ' m
> i ' m
> y e a
2055,2059c2119,2120
< a l w a y s
< g o
< l o v e
< d o
< f o r
---
> a t
> l e t
2060a2122,2126
> b e
> c a n ' t
> s u r e
> i t
> w a s
2062,2066d2127
< y o u
< d o n ' t
< b e l i e v e
< b e a u t i f u l
< h a v e
2068,2088c2129
< h e r
< t h o u g h t
< t h a t ' s
< w e d n e s d a y
< d a y
< h i m
< a r o u n d
< w a t
< w a n t
< m e
< c o m e
< f o r
< h a v e n ' t
< y e t
< k n o w
< n o t h i n g
< k n o w
< t h o s e
< y o u
< y o u
< p r o b a b l y
---
> t e l l
2090,2099c2131
< t h e
< s i s t e r
< w h a t
< g e t t i n g
< s a m e
< h e y
< d o n ' t
< w h a t ' s
< f r i e n d
< i ' l l
---
> t h a n k
2101,2102d2132
< m o n e y
< i n
2104,2107c2134
< t i m e
< s e e
< w h a t ' s
< s o m e b o d y
---
> a l w a y s
2109,2114c2136,2142
< t r i e d
< y e s
< d o e s n ' t
< e v e r y t h i n g
< s o r r y
< p l e a s e
---
> p l a y i n g
> i t
> b e
> t a k i n g
> t h e y
> w a n t
> m y
2116c2144,2145
< s l e e p
---
> b e
> d i d n ' t
2118,2128c2147,2150
< l i k e
< n o w
< n e e d
< b a c k
< d o n ' t
< t h e
< s o m e
< t h i n g s
< w r o n g
< w o r k i n g
< a n d
---
> g o n e
> d i d
> k n o w
> i ' l l
2130,2139c2152,2156
< u p
< w i t h
< w o r k
< i ' v e
< d i d n ' t
< s h e
< w o u l d n ' t
< t h a t ' s
< j u s t
< y o u
---
> t o
> t o
> h e r
> t h o
> r e a l l y
2141,2146c2158,2174
< i ' m
< w o r k
< h a v e
< a n d
< a l w a y s
< t h a t ' s
---
> h o m e
> b r o t h e r
> t o
> y ' a l l
> t h a n k
> w h a t
> f u n
> c h a n g e
> f o r g o t
> y o u r
> c o m i n g
> y e s
> k n o w
> a l r e a d y
> y ' a l l
> h o u s e
> h i m
2147a2176,2182
> o u t
> o f
> t h e r e
> d o n ' t
> b a b y
> d i d
> w a n t e d
2149,2152c2184,2224
< w h e n
< s h e
< c a l l
< y o u
---
> s o m e
> s l e e p
> l o n g
> c o m e
> n o t h i n g
> d o w n
> y o u ' r e
> c r a z y
> i ' d
> p r o b a b l y
> m y
> i ' d
> p r o b a b l y
> i ' d
> h a p p y
> w e
> f a m i l y
> w h a t ' s
> y e a h
> g o i n g
> t o
> o n
> g o t
> l i k e
> d i d n ' t
> a n y t h i n g
> l e a v e
> m e
> y e a r
> t h i s
> y e a r
> b a b y
> y e s
> g e t
> o k a y
> i s
> s t i l l
> n o
> s i s
> t h o u g h
> a b o u t
2154c2226,2229
< t a l k i n g
---
> j u s t
> o n
> w o n ' t
> o k a y
2155a2231,2234
> s a i d
> l i k e
> o u t
> h o m e
2157c2236
< a f t e r
---
> n o t
2159c2238,2239
< s h e ' s
---
> c r a z y
> h e y
2160a2241,2261
> w a s
> w o n d e r i n g
> w h e n
> y o u r
> w o u l d
> w i t h
> g o o d
> m o r n i n g
> p i c t u r e s
> w h e n
> k n o w
> i ' m
> b a b y
> h a v e
> t a l k
> a b o u t
> i ' m
> y o u ' r e
> i ' m
> t a l k i n g
> a b o u t
2162,2177d2262
< t h e
< m y
< b i r t h d a y
< t h e r e
< m i n u t e s
< m e
< e v e r y w h e r e
< b e c a u s e
< n o t
< i s
< p h o n e
< w h a t ' s
< u p
< l e f t
< t h e
< c a n ' t
